<?xml version="1.0" encoding="UTF-8"?>
<!-- Generated by org.testng.reporters.JUnitReportReporter -->
<testsuite skipped="0" hostname="IBM416-PC0GHZYW" name="SeleniumTest3.Parametrization" tests="1" failures="0" timestamp="24 Nov 2017 05:51:40 GMT" time="9.365" errors="0">
  <testcase name="parametrizationTest" time="9.365" classname="SeleniumTest3.Parametrization"/>
</testsuite> <!-- SeleniumTest3.Parametrization -->
