<?xml version="1.0" encoding="UTF-8"?>
<!-- Generated by org.testng.reporters.JUnitReportReporter -->
<testsuite skipped="0" hostname="IBM416-PC0GHZYW" name="SeleniumTest3.Dynamicwebtablecount" tests="1" failures="0" timestamp="22 Nov 2017 16:56:16 GMT" time="27.144" errors="0">
  <testcase name="ElementvisibleTest" time="27.144" classname="SeleniumTest3.Dynamicwebtablecount"/>
</testsuite> <!-- SeleniumTest3.Dynamicwebtablecount -->
