<?xml version="1.0" encoding="UTF-8"?>
<!-- Generated by org.testng.reporters.JUnitReportReporter -->
<testsuite skipped="0" hostname="IBM416-PC0GHZYW" name="SeleniumTest3.AssertTesting" tests="2" failures="0" timestamp="23 Nov 2017 17:15:15 GMT" time="10.058" errors="0">
  <testcase name="Flights" time="5.934" classname="SeleniumTest3.AssertTesting"/>
  <testcase name="HomeTitle" time="4.124" classname="SeleniumTest3.AssertTesting"/>
</testsuite> <!-- SeleniumTest3.AssertTesting -->
