<?xml version="1.0" encoding="UTF-8"?>
<!-- Generated by org.testng.reporters.JUnitReportReporter -->
<testsuite skipped="0" hostname="IBM416-PC0GHZYW" name="SeleniumTest3.TestNGandAssertTesting" tests="2" failures="0" timestamp="23 Nov 2017 17:32:27 GMT" time="10.192" errors="0">
  <testcase name="Flights" time="6.053" classname="SeleniumTest3.TestNGandAssertTesting"/>
  <testcase name="HomeTitle" time="4.139" classname="SeleniumTest3.TestNGandAssertTesting"/>
</testsuite> <!-- SeleniumTest3.TestNGandAssertTesting -->
