<?xml version="1.0" encoding="UTF-8"?>
<!-- Generated by org.testng.reporters.JUnitReportReporter -->
<testsuite skipped="0" hostname="IBM416-PC0GHZYW" name="SeleniumTest3.Dropdownselectitem" tests="1" failures="0" timestamp="23 Nov 2017 04:16:09 GMT" time="5.318" errors="0">
  <testcase name="DropdownTest" time="5.318" classname="SeleniumTest3.Dropdownselectitem"/>
</testsuite> <!-- SeleniumTest3.Dropdownselectitem -->
