<?xml version="1.0" encoding="UTF-8"?>
<!-- Generated by org.testng.reporters.JUnitReportReporter -->
<testsuite skipped="0" hostname="IBM416-PC0GHZYW" name="SeleniumTest3.Uploadfile" tests="1" failures="0" timestamp="23 Nov 2017 09:52:03 GMT" time="7.148" errors="0">
  <testcase name="uploadfileTest" time="7.148" classname="SeleniumTest3.Uploadfile"/>
</testsuite> <!-- SeleniumTest3.Uploadfile -->
