<?xml version="1.0" encoding="UTF-8"?>
<!-- Generated by org.testng.reporters.JUnitReportReporter -->
<testsuite skipped="0" hostname="IBM416-PC0GHZYW" name="SeleniumTest3.TooltipsTest" tests="2" failures="0" timestamp="27 Nov 2017 05:23:11 GMT" time="14.199" errors="0">
  <testcase name="toolTipsTest" time="8.719" classname="SeleniumTest3.TooltipsTest"/>
  <testcase name="advancedtootipTest" time="5.480" classname="SeleniumTest3.TooltipsTest"/>
</testsuite> <!-- SeleniumTest3.TooltipsTest -->
