<?xml version="1.0" encoding="UTF-8"?>
<!-- Generated by org.testng.reporters.JUnitReportReporter -->
<testsuite skipped="0" hostname="IBM416-PC0GHZYW" name="SeleniumTest3.BrokenlinksTest2" tests="1" failures="0" timestamp="27 Nov 2017 08:22:50 GMT" time="159.296" errors="0">
  <testcase name="brokenlinktest" time="159.296" classname="SeleniumTest3.BrokenlinksTest2"/>
</testsuite> <!-- SeleniumTest3.BrokenlinksTest2 -->
