<?xml version="1.0" encoding="UTF-8"?>
<!-- Generated by org.testng.reporters.JUnitReportReporter -->
<testsuite skipped="0" hostname="IBM416-PC0GHZYW" name="SeleniumTest3.Day1Ssortbyname" tests="1" failures="0" timestamp="27 Nov 2017 15:40:59 GMT" time="13.553" errors="0">
  <testcase name="Day1Test" time="13.553" classname="SeleniumTest3.Day1Ssortbyname"/>
</testsuite> <!-- SeleniumTest3.Day1Ssortbyname -->
