<?xml version="1.0" encoding="UTF-8"?>
<!-- Generated by org.testng.reporters.JUnitReportReporter -->
<testsuite skipped="0" hostname="IBM416-PC0GHZYW" name="SeleniumTest3.Elementvisible" tests="1" failures="0" timestamp="22 Nov 2017 16:01:56 GMT" time="6.881" errors="0">
  <testcase name="ElementVisible" time="6.881" classname="SeleniumTest3.Elementvisible"/>
</testsuite> <!-- SeleniumTest3.Elementvisible -->
