<?xml version="1.0" encoding="UTF-8"?>
<!-- Generated by org.testng.reporters.JUnitReportReporter -->
<testsuite skipped="0" hostname="IBM416-PC0GHZYW" name="SeleniumTest3.ImplicitAndExplicit" tests="2" failures="0" timestamp="24 Nov 2017 04:49:04 GMT" time="50.460" errors="0">
  <testcase name="ImplicitTest" time="10.496" classname="SeleniumTest3.ImplicitAndExplicit"/>
  <testcase name="ExplicitTest" time="39.964" classname="SeleniumTest3.ImplicitAndExplicit"/>
</testsuite> <!-- SeleniumTest3.ImplicitAndExplicit -->
