<?xml version="1.0" encoding="UTF-8"?>
<!-- Generated by org.testng.reporters.JUnitReportReporter -->
<testsuite skipped="0" hostname="IBM416-PC0GHZYW" name="SeleniumTest3.MouseandKeyboardActions" tests="1" failures="0" timestamp="23 Nov 2017 09:00:33 GMT" time="5.733" errors="0">
  <testcase name="MouseTest" time="5.733" classname="SeleniumTest3.MouseandKeyboardActions"/>
</testsuite> <!-- SeleniumTest3.MouseandKeyboardActions -->
