<?xml version="1.0" encoding="UTF-8"?>
<!-- Generated by org.testng.reporters.JUnitReportReporter -->
<testsuite skipped="0" hostname="IBM416-PC0GHZYW" name="SeleniumTest3.draganddrop" tests="1" failures="0" timestamp="22 Nov 2017 14:26:25 GMT" time="8.254" errors="0">
  <testcase name="DraganddropTest" time="8.254" classname="SeleniumTest3.draganddrop"/>
</testsuite> <!-- SeleniumTest3.draganddrop -->
