<?xml version="1.0" encoding="UTF-8"?>
<!-- Generated by org.testng.reporters.JUnitReportReporter -->
<testsuite skipped="0" hostname="IBM416-PC0GHZYW" name="SeleniumTest3.Accessweblink" tests="1" failures="0" timestamp="23 Nov 2017 06:46:55 GMT" time="10.353" errors="0">
  <testcase name="weblinkTest" time="10.353" classname="SeleniumTest3.Accessweblink"/>
</testsuite> <!-- SeleniumTest3.Accessweblink -->
