<?xml version="1.0" encoding="UTF-8"?>
<!-- Generated by org.testng.reporters.JUnitReportReporter -->
<testsuite skipped="0" hostname="IBM416-PC0GHZYW" name="SeleniumTest3.ScrolupandDown" tests="1" failures="0" timestamp="24 Nov 2017 08:53:52 GMT" time="24.910" errors="0">
  <testcase name="ScrollbarTest" time="24.910" classname="SeleniumTest3.ScrolupandDown"/>
</testsuite> <!-- SeleniumTest3.ScrolupandDown -->
