<?xml version="1.0" encoding="UTF-8"?>
<!-- Generated by org.testng.reporters.JUnitReportReporter -->
<testsuite skipped="0" hostname="IBM416-PC0GHZYW" name="SeleniumTest3.Elementvisiblefind" tests="1" failures="0" timestamp="22 Nov 2017 13:25:27 GMT" time="25.671" errors="0">
  <testcase name="ElementvisibleTest" time="25.671" classname="SeleniumTest3.Elementvisiblefind"/>
</testsuite> <!-- SeleniumTest3.Elementvisiblefind -->
