<?xml version="1.0" encoding="UTF-8"?>
<!-- Generated by org.testng.reporters.JUnitReportReporter -->
<testsuite skipped="0" hostname="IBM416-PC0GHZYW" name="SeleniumTest3.ScrolupandDown" tests="1" failures="0" timestamp="22 Nov 2017 07:23:07 GMT" time="18.639" errors="0">
  <testcase name="ScrollbarTest" time="18.639" classname="SeleniumTest3.ScrolupandDown"/>
</testsuite> <!-- SeleniumTest3.ScrolupandDown -->
