<?xml version="1.0" encoding="UTF-8"?>
<!-- Generated by org.testng.reporters.JUnitReportReporter -->
<testsuite skipped="0" hostname="IBM416-PC0GHZYW" name="SeleniumTest3.iframeTesting" tests="1" failures="0" timestamp="24 Nov 2017 10:05:03 GMT" time="11.137" errors="0">
  <testcase name="iframe" time="11.137" classname="SeleniumTest3.iframeTesting"/>
</testsuite> <!-- SeleniumTest3.iframeTesting -->
