<?xml version="1.0" encoding="UTF-8"?>
<!-- Generated by org.testng.reporters.JUnitReportReporter -->
<testsuite skipped="0" hostname="IBM416-PC0GHZYW" name="SeleniumTest3.Readexcelcountrows" tests="1" failures="0" timestamp="22 Nov 2017 07:23:07 GMT" time="0.870" errors="0">
  <testcase name="ReadExcelTest" time="0.870" classname="SeleniumTest3.Readexcelcountrows"/>
</testsuite> <!-- SeleniumTest3.Readexcelcountrows -->
