<?xml version="1.0" encoding="UTF-8"?>
<!-- Generated by org.testng.reporters.JUnitReportReporter -->
<testsuite skipped="0" hostname="IBM416-PC0GHZYW" name="SeleniumTest3.BrokenLinksTest" tests="1" failures="0" timestamp="27 Nov 2017 07:16:17 GMT" time="171.993" errors="0">
  <testcase name="brokenTest" time="171.993" classname="SeleniumTest3.BrokenLinksTest"/>
</testsuite> <!-- SeleniumTest3.BrokenLinksTest -->
