<?xml version="1.0" encoding="UTF-8"?>
<!-- Generated by org.testng.reporters.JUnitReportReporter -->
<testsuite skipped="0" hostname="IBM416-PC0GHZYW" name="SeleniumTest3.TakingScreenShotTest" tests="1" failures="0" timestamp="24 Nov 2017 08:44:30 GMT" time="5.225" errors="0">
  <testcase name="SSTest" time="5.225" classname="SeleniumTest3.TakingScreenShotTest"/>
</testsuite> <!-- SeleniumTest3.TakingScreenShotTest -->
